<?xml version="1.0" encoding="UTF-8"?>
<!-- Generated by org.testng.reporters.JUnitReportReporter -->
<testsuite hostname="Rohits-MacBook-Air.local" failures="0" tests="1" name="Datman.tests.TC02_UpdatebankTest" time="69.046" errors="0" timestamp="2025-05-15T13:05:48 IST" skipped="0">
  <testcase classname="Datman.tests.TC02_UpdatebankTest" name="tC02_UpdatebankTest" time="69.046"/>
</testsuite> <!-- Datman.tests.TC02_UpdatebankTest -->
