<?xml version="1.0" encoding="UTF-8"?>
<!-- Generated by org.testng.reporters.JUnitReportReporter -->
<testsuite hostname="Rohits-MacBook-Air.local" failures="0" tests="1" name="Datman.tests.TC03_EnteredGreaterAmountTest" time="22.408" errors="0" timestamp="2025-05-09T18:23:45 IST" skipped="0">
  <testcase classname="Datman.tests.TC03_EnteredGreaterAmountTest" name="tc03_withdrawFailureTest" time="22.408"/>
</testsuite> <!-- Datman.tests.TC03_EnteredGreaterAmountTest -->
